<?xml version="1.0" encoding="UTF-8"?>
<!-- Generated by org.testng.reporters.JUnitXMLReporter -->
<testsuite ignored="0" hostname="DESKTOP-AO4ITDE" failures="0" tests="7" name="chromeTest" time="59.185" errors="0" timestamp="2024-04-13T13:44:47 IST">
  <testcase classname="testCases.TC_001_AccountRegistrationTest" name="verify_account_registration" time="4.657"/>
  <testcase classname="testCases.TC_002_LoginTest" name="verify_login_test" time="2.103"/>
  <testcase classname="testCases.TC_003_LoginDDT" name="verify_Login_DDT" time="2.492"/>
  <testcase classname="testCases.TC_003_LoginDDT" name="verify_Login_DDT" time="11.436"/>
  <testcase classname="testCases.TC_003_LoginDDT" name="verify_Login_DDT" time="11.375"/>
  <testcase classname="testCases.TC_003_LoginDDT" name="verify_Login_DDT" time="11.345"/>
  <testcase classname="testCases.TC_003_LoginDDT" name="verify_Login_DDT" time="1.743"/>
</testsuite> <!-- chromeTest -->
