<?xml version="1.0" encoding="UTF-8"?>
<testng-results ignored="0" total="7" passed="7" failed="0" skipped="0">
  <reporter-output>
  </reporter-output>
  <suite started-at="2024-04-13T13:43:47 IST" name="Suite" finished-at="2024-04-13T13:44:46 IST" duration-ms="59185">
    <groups>
      <group name="regression">
        <method signature="TC_002_LoginTest.verify_login_test()[pri:0, instance:testCases.TC_002_LoginTest@3e27ba32]" name="verify_login_test" class="testCases.TC_002_LoginTest"/>
      </group> <!-- regression -->
      <group name="sanity">
        <method signature="TC_001_AccountRegistrationTest.verify_account_registration()[pri:0, instance:testCases.TC_001_AccountRegistrationTest@2af004b]" name="verify_account_registration" class="testCases.TC_001_AccountRegistrationTest"/>
      </group> <!-- sanity -->
      <group name="master">
        <method signature="TC_001_AccountRegistrationTest.verify_account_registration()[pri:0, instance:testCases.TC_001_AccountRegistrationTest@2af004b]" name="verify_account_registration" class="testCases.TC_001_AccountRegistrationTest"/>
        <method signature="TC_002_LoginTest.verify_login_test()[pri:0, instance:testCases.TC_002_LoginTest@3e27ba32]" name="verify_login_test" class="testCases.TC_002_LoginTest"/>
        <method signature="TC_003_LoginDDT.verify_Login_DDT(java.lang.String,java.lang.String,java.lang.String)[pri:0, instance:testCases.TC_003_LoginDDT@7ef82753]" name="verify_Login_DDT" class="testCases.TC_003_LoginDDT"/>
      </group> <!-- master -->
    </groups>
    <test started-at="2024-04-13T13:43:47 IST" name="chromeTest" finished-at="2024-04-13T13:44:46 IST" duration-ms="59185">
      <class name="testCases.TC_001_AccountRegistrationTest">
        <test-method is-config="true" signature="setup(java.lang.String,java.lang.String)[pri:0, instance:testCases.TC_001_AccountRegistrationTest@2af004b]" started-at="2024-04-13T13:43:47 IST" name="setup" finished-at="2024-04-13T13:43:52 IST" duration-ms="5136" status="PASS">
          <params>
            <param index="0">
              <value>
                <![CDATA[windows]]>
              </value>
            </param>
            <param index="1">
              <value>
                <![CDATA[chrome]]>
              </value>
            </param>
          </params>
          <reporter-output>
          </reporter-output>
        </test-method> <!-- setup -->
        <test-method signature="verify_account_registration()[pri:0, instance:testCases.TC_001_AccountRegistrationTest@2af004b]" started-at="2024-04-13T13:43:52 IST" name="verify_account_registration" finished-at="2024-04-13T13:43:57 IST" duration-ms="4657" status="PASS">
          <reporter-output>
          </reporter-output>
        </test-method> <!-- verify_account_registration -->
        <test-method is-config="true" signature="tearDown()[pri:0, instance:testCases.TC_001_AccountRegistrationTest@2af004b]" started-at="2024-04-13T13:43:57 IST" name="tearDown" finished-at="2024-04-13T13:43:57 IST" duration-ms="192" status="PASS">
          <reporter-output>
          </reporter-output>
        </test-method> <!-- tearDown -->
      </class> <!-- testCases.TC_001_AccountRegistrationTest -->
      <class name="testCases.TC_002_LoginTest">
        <test-method is-config="true" signature="setup(java.lang.String,java.lang.String)[pri:0, instance:testCases.TC_002_LoginTest@3e27ba32]" started-at="2024-04-13T13:43:57 IST" name="setup" finished-at="2024-04-13T13:44:00 IST" duration-ms="2536" status="PASS">
          <params>
            <param index="0">
              <value>
                <![CDATA[windows]]>
              </value>
            </param>
            <param index="1">
              <value>
                <![CDATA[chrome]]>
              </value>
            </param>
          </params>
          <reporter-output>
          </reporter-output>
        </test-method> <!-- setup -->
        <test-method signature="verify_login_test()[pri:0, instance:testCases.TC_002_LoginTest@3e27ba32]" started-at="2024-04-13T13:44:00 IST" name="verify_login_test" finished-at="2024-04-13T13:44:02 IST" duration-ms="2103" status="PASS">
          <reporter-output>
          </reporter-output>
        </test-method> <!-- verify_login_test -->
        <test-method is-config="true" signature="tearDown()[pri:0, instance:testCases.TC_002_LoginTest@3e27ba32]" started-at="2024-04-13T13:44:02 IST" name="tearDown" finished-at="2024-04-13T13:44:02 IST" duration-ms="244" status="PASS">
          <reporter-output>
          </reporter-output>
        </test-method> <!-- tearDown -->
      </class> <!-- testCases.TC_002_LoginTest -->
      <class name="testCases.TC_003_LoginDDT">
        <test-method is-config="true" signature="setup(java.lang.String,java.lang.String)[pri:0, instance:testCases.TC_003_LoginDDT@7ef82753]" started-at="2024-04-13T13:44:02 IST" name="setup" finished-at="2024-04-13T13:44:05 IST" duration-ms="2879" status="PASS">
          <params>
            <param index="0">
              <value>
                <![CDATA[windows]]>
              </value>
            </param>
            <param index="1">
              <value>
                <![CDATA[chrome]]>
              </value>
            </param>
          </params>
          <reporter-output>
          </reporter-output>
        </test-method> <!-- setup -->
        <test-method signature="verify_Login_DDT(java.lang.String,java.lang.String,java.lang.String)[pri:0, instance:testCases.TC_003_LoginDDT@7ef82753]" started-at="2024-04-13T13:44:07 IST" name="verify_Login_DDT" data-provider="LoginData" finished-at="2024-04-13T13:44:10 IST" duration-ms="2492" status="PASS">
          <params>
            <param index="0">
              <value>
                <![CDATA[pavanoltraining@gmail.com]]>
              </value>
            </param>
            <param index="1">
              <value>
                <![CDATA[test@123]]>
              </value>
            </param>
            <param index="2">
              <value>
                <![CDATA[Valid]]>
              </value>
            </param>
          </params>
          <reporter-output>
          </reporter-output>
        </test-method> <!-- verify_Login_DDT -->
        <test-method signature="verify_Login_DDT(java.lang.String,java.lang.String,java.lang.String)[pri:0, instance:testCases.TC_003_LoginDDT@7ef82753]" started-at="2024-04-13T13:44:10 IST" name="verify_Login_DDT" data-provider="LoginData" finished-at="2024-04-13T13:44:21 IST" duration-ms="11436" status="PASS">
          <params>
            <param index="0">
              <value>
                <![CDATA[lakshmi@yahoo.com]]>
              </value>
            </param>
            <param index="1">
              <value>
                <![CDATA[Laxmi]]>
              </value>
            </param>
            <param index="2">
              <value>
                <![CDATA[Invalid]]>
              </value>
            </param>
          </params>
          <reporter-output>
          </reporter-output>
        </test-method> <!-- verify_Login_DDT -->
        <test-method signature="verify_Login_DDT(java.lang.String,java.lang.String,java.lang.String)[pri:0, instance:testCases.TC_003_LoginDDT@7ef82753]" started-at="2024-04-13T13:44:21 IST" name="verify_Login_DDT" data-provider="LoginData" finished-at="2024-04-13T13:44:33 IST" duration-ms="11375" status="PASS">
          <params>
            <param index="0">
              <value>
                <![CDATA[laksh@yahoo.com]]>
              </value>
            </param>
            <param index="1">
              <value>
                <![CDATA[Lakshmi]]>
              </value>
            </param>
            <param index="2">
              <value>
                <![CDATA[Invalid]]>
              </value>
            </param>
          </params>
          <reporter-output>
          </reporter-output>
        </test-method> <!-- verify_Login_DDT -->
        <test-method signature="verify_Login_DDT(java.lang.String,java.lang.String,java.lang.String)[pri:0, instance:testCases.TC_003_LoginDDT@7ef82753]" started-at="2024-04-13T13:44:33 IST" name="verify_Login_DDT" data-provider="LoginData" finished-at="2024-04-13T13:44:44 IST" duration-ms="11345" status="PASS">
          <params>
            <param index="0">
              <value>
                <![CDATA[laks@yahoo.com]]>
              </value>
            </param>
            <param index="1">
              <value>
                <![CDATA[xyz]]>
              </value>
            </param>
            <param index="2">
              <value>
                <![CDATA[Invalid]]>
              </value>
            </param>
          </params>
          <reporter-output>
          </reporter-output>
        </test-method> <!-- verify_Login_DDT -->
        <test-method signature="verify_Login_DDT(java.lang.String,java.lang.String,java.lang.String)[pri:0, instance:testCases.TC_003_LoginDDT@7ef82753]" started-at="2024-04-13T13:44:44 IST" name="verify_Login_DDT" data-provider="LoginData" finished-at="2024-04-13T13:44:46 IST" duration-ms="1743" status="PASS">
          <params>
            <param index="0">
              <value>
                <![CDATA[abc123@gmail.com]]>
              </value>
            </param>
            <param index="1">
              <value>
                <![CDATA[test@123]]>
              </value>
            </param>
            <param index="2">
              <value>
                <![CDATA[Valid]]>
              </value>
            </param>
          </params>
          <reporter-output>
          </reporter-output>
        </test-method> <!-- verify_Login_DDT -->
        <test-method is-config="true" signature="tearDown()[pri:0, instance:testCases.TC_003_LoginDDT@7ef82753]" started-at="2024-04-13T13:44:46 IST" name="tearDown" finished-at="2024-04-13T13:44:46 IST" duration-ms="208" status="PASS">
          <reporter-output>
          </reporter-output>
        </test-method> <!-- tearDown -->
      </class> <!-- testCases.TC_003_LoginDDT -->
    </test> <!-- chromeTest -->
  </suite> <!-- Suite -->
</testng-results>
